<?xml version="1.0" encoding="UTF-8"?>
<!-- Generated by org.testng.reporters.JUnitReportReporter -->
<testsuite hostname="DESKTOP-6AK3J3N" failures="0" tests="1" name="testcases.Login_With_Valid_Credentials_Test" time="45.304" errors="1" timestamp="2024-02-05T10:40:03 IST" skipped="0">
  <testcase classname="testcases.Login_With_Valid_Credentials_Test" name="login" time="45.304">
    <error message="element click intercepted: Element &lt;path fill-rule=&quot;nonzero&quot; d=&quot;M14 .941h-2V0h-1v.941H5V0H4v.941H2c-1.105 0-2 .843-2 1.883v11.294C0 15.158.895 16 2 16h12c1.105 0 2-.843 2-1.882V2.824c0-1.04-.895-1.883-2-1.883zm1 13.177c0 .52-.448.94-1 .94H2c-.552 0-1-.42-1-.94v-8.47h14v8.47zm0-9.412H1V2.824c0-.52.448-.941 1-.942h2v.942h1v-.942h6v.942h1v-.942h2c.552 0 1 .422 1 .942v1.882z&quot;&gt;&lt;/path&gt; is not clickable at point (398, 346). Other element would receive the click: &lt;svg data-testid=&quot;svg-img&quot; viewBox=&quot;0 0 16 16&quot; width=&quot;16&quot; height=&quot;16&quot; fill=&quot;#999999&quot; color=&quot;#000&quot; preserveAspectRatio=&quot;none&quot;&gt;...&lt;/svg&gt;
  (Session info: chrome=121.0.6167.140)
Build info: version: &#039;4.15.0&#039;, revision: &#039;1d14b5521b&#039;
System info: os.name: &#039;Windows 11&#039;, os.arch: &#039;amd64&#039;, os.version: &#039;10.0&#039;, java.version: &#039;17.0.9&#039;
Driver info: org.openqa.selenium.chrome.ChromeDriver
Command: [8f4226bd81f0f22170c8ff493bf87458, clickElement {id=D3E772C5613A99AA3AA0EB9DC838D3CC_element_303}]
Capabilities {acceptInsecureCerts: false, browserName: chrome, browserVersion: 121.0.6167.140, chrome: {chromedriverVersion: 121.0.6167.85 (3f98d690ad7e..., userDataDir: C:\Users\new\AppData\Local\...}, fedcm:accounts: true, goog:chromeOptions: {debuggerAddress: localhost:57063}, networkConnectionEnabled: false, pageLoadStrategy: normal, platformName: windows, proxy: Proxy(), se:cdp: ws://localhost:57063/devtoo..., se:cdpVersion: 121.0.6167.140, setWindowRect: true, strictFileInteractability: false, timeouts: {implicit: 0, pageLoad: 300000, script: 30000}, unhandledPromptBehavior: dismiss and notify, webauthn:extension:credBlob: true, webauthn:extension:largeBlob: true, webauthn:extension:minPinLength: true, webauthn:extension:prf: true, webauthn:virtualAuthenticators: true}
Element: [[ChromeDriver: chrome on windows (8f4226bd81f0f22170c8ff493bf87458)] -&gt; xpath: //div[@class=&#039;css-1dbjc4n r-14lw9ot&#039;]//div[@class=&#039;css-1dbjc4n r-18u37iz&#039;]//div[1]//div[2]//div[2]//*[name()=&#039;svg&#039;]//*[name()=&#039;path&#039; and contains(@fill-rule,&#039;nonzero&#039;)]]
Session ID: 8f4226bd81f0f22170c8ff493bf87458" type="org.openqa.selenium.ElementClickInterceptedException">
      <![CDATA[org.openqa.selenium.ElementClickInterceptedException: element click intercepted: Element <path fill-rule="nonzero" d="M14 .941h-2V0h-1v.941H5V0H4v.941H2c-1.105 0-2 .843-2 1.883v11.294C0 15.158.895 16 2 16h12c1.105 0 2-.843 2-1.882V2.824c0-1.04-.895-1.883-2-1.883zm1 13.177c0 .52-.448.94-1 .94H2c-.552 0-1-.42-1-.94v-8.47h14v8.47zm0-9.412H1V2.824c0-.52.448-.941 1-.942h2v.942h1v-.942h6v.942h1v-.942h2c.552 0 1 .422 1 .942v1.882z"></path> is not clickable at point (398, 346). Other element would receive the click: <svg data-testid="svg-img" viewBox="0 0 16 16" width="16" height="16" fill="#999999" color="#000" preserveAspectRatio="none">...</svg>
  (Session info: chrome=121.0.6167.140)
Build info: version: '4.15.0', revision: '1d14b5521b'
System info: os.name: 'Windows 11', os.arch: 'amd64', os.version: '10.0', java.version: '17.0.9'
Driver info: org.openqa.selenium.chrome.ChromeDriver
Command: [8f4226bd81f0f22170c8ff493bf87458, clickElement {id=D3E772C5613A99AA3AA0EB9DC838D3CC_element_303}]
Capabilities {acceptInsecureCerts: false, browserName: chrome, browserVersion: 121.0.6167.140, chrome: {chromedriverVersion: 121.0.6167.85 (3f98d690ad7e..., userDataDir: C:\Users\new\AppData\Local\...}, fedcm:accounts: true, goog:chromeOptions: {debuggerAddress: localhost:57063}, networkConnectionEnabled: false, pageLoadStrategy: normal, platformName: windows, proxy: Proxy(), se:cdp: ws://localhost:57063/devtoo..., se:cdpVersion: 121.0.6167.140, setWindowRect: true, strictFileInteractability: false, timeouts: {implicit: 0, pageLoad: 300000, script: 30000}, unhandledPromptBehavior: dismiss and notify, webauthn:extension:credBlob: true, webauthn:extension:largeBlob: true, webauthn:extension:minPinLength: true, webauthn:extension:prf: true, webauthn:virtualAuthenticators: true}
Element: [[ChromeDriver: chrome on windows (8f4226bd81f0f22170c8ff493bf87458)] -> xpath: //div[@class='css-1dbjc4n r-14lw9ot']//div[@class='css-1dbjc4n r-18u37iz']//div[1]//div[2]//div[2]//*[name()='svg']//*[name()='path' and contains(@fill-rule,'nonzero')]]
Session ID: 8f4226bd81f0f22170c8ff493bf87458
at java.base/jdk.internal.reflect.NativeConstructorAccessorImpl.newInstance0(Native Method)
at java.base/jdk.internal.reflect.NativeConstructorAccessorImpl.newInstance(NativeConstructorAccessorImpl.java:77)
at java.base/jdk.internal.reflect.DelegatingConstructorAccessorImpl.newInstance(DelegatingConstructorAccessorImpl.java:45)
at java.base/java.lang.reflect.Constructor.newInstanceWithCaller(Constructor.java:499)
at java.base/java.lang.reflect.Constructor.newInstance(Constructor.java:480)
at org.openqa.selenium.remote.codec.w3c.W3CHttpResponseCodec.createException(W3CHttpResponseCodec.java:200)
at org.openqa.selenium.remote.codec.w3c.W3CHttpResponseCodec.decode(W3CHttpResponseCodec.java:133)
at org.openqa.selenium.remote.codec.w3c.W3CHttpResponseCodec.decode(W3CHttpResponseCodec.java:52)
at org.openqa.selenium.remote.HttpCommandExecutor.execute(HttpCommandExecutor.java:191)
at org.openqa.selenium.remote.service.DriverCommandExecutor.invokeExecute(DriverCommandExecutor.java:200)
at org.openqa.selenium.remote.service.DriverCommandExecutor.execute(DriverCommandExecutor.java:175)
at org.openqa.selenium.remote.RemoteWebDriver.execute(RemoteWebDriver.java:607)
at org.openqa.selenium.remote.RemoteWebElement.execute(RemoteWebElement.java:224)
at org.openqa.selenium.remote.RemoteWebElement.click(RemoteWebElement.java:77)
at java.base/jdk.internal.reflect.NativeMethodAccessorImpl.invoke0(Native Method)
at java.base/jdk.internal.reflect.NativeMethodAccessorImpl.invoke(NativeMethodAccessorImpl.java:77)
at java.base/jdk.internal.reflect.DelegatingMethodAccessorImpl.invoke(DelegatingMethodAccessorImpl.java:43)
at java.base/java.lang.reflect.Method.invoke(Method.java:568)
at org.openqa.selenium.support.pagefactory.internal.LocatingElementHandler.invoke(LocatingElementHandler.java:51)
at jdk.proxy2/jdk.proxy2.$Proxy12.click(Unknown Source)
at Pageobjects.Login_With_Valid_Credentials_Page.Selectdatae(Login_With_Valid_Credentials_Page.java:105)
at testcases.Login_With_Valid_Credentials_Test.login(Login_With_Valid_Credentials_Test.java:35)
at java.base/jdk.internal.reflect.NativeMethodAccessorImpl.invoke0(Native Method)
at java.base/jdk.internal.reflect.NativeMethodAccessorImpl.invoke(NativeMethodAccessorImpl.java:77)
at java.base/jdk.internal.reflect.DelegatingMethodAccessorImpl.invoke(DelegatingMethodAccessorImpl.java:43)
at java.base/java.lang.reflect.Method.invoke(Method.java:568)
at org.testng.internal.invokers.MethodInvocationHelper.invokeMethod(MethodInvocationHelper.java:139)
at org.testng.internal.invokers.TestInvoker.invokeMethod(TestInvoker.java:664)
at org.testng.internal.invokers.TestInvoker.invokeTestMethod(TestInvoker.java:227)
at org.testng.internal.invokers.MethodRunner.runInSequence(MethodRunner.java:50)
at org.testng.internal.invokers.TestInvoker$MethodInvocationAgent.invoke(TestInvoker.java:957)
at org.testng.internal.invokers.TestInvoker.invokeTestMethods(TestInvoker.java:200)
at org.testng.internal.invokers.TestMethodWorker.invokeTestMethods(TestMethodWorker.java:148)
at org.testng.internal.invokers.TestMethodWorker.run(TestMethodWorker.java:128)
at java.base/java.util.ArrayList.forEach(ArrayList.java:1511)
at org.testng.TestRunner.privateRun(TestRunner.java:848)
at org.testng.TestRunner.run(TestRunner.java:621)
at org.testng.SuiteRunner.runTest(SuiteRunner.java:443)
at org.testng.SuiteRunner.runSequentially(SuiteRunner.java:437)
at org.testng.SuiteRunner.privateRun(SuiteRunner.java:397)
at org.testng.SuiteRunner.run(SuiteRunner.java:336)
at org.testng.SuiteRunnerWorker.runSuite(SuiteRunnerWorker.java:52)
at org.testng.SuiteRunnerWorker.run(SuiteRunnerWorker.java:95)
at org.testng.TestNG.runSuitesSequentially(TestNG.java:1280)
at org.testng.TestNG.runSuitesLocally(TestNG.java:1200)
at org.testng.TestNG.runSuites(TestNG.java:1114)
at org.testng.TestNG.run(TestNG.java:1082)
at org.testng.remote.AbstractRemoteTestNG.run(AbstractRemoteTestNG.java:115)
at org.testng.remote.RemoteTestNG.initAndRun(RemoteTestNG.java:251)
at org.testng.remote.RemoteTestNG.main(RemoteTestNG.java:77)
]]>
    </error>
  </testcase> <!-- login -->
</testsuite> <!-- testcases.Login_With_Valid_Credentials_Test -->
